[0.448s] Invoking command in '/home/ubuntu/MobileRoboticsProjekt/MobileRoboticsProjekt1/ros2_ws/src/turtlesimAutomata': PYTHONPATH=/home/ubuntu/MobileRoboticsProjekt/MobileRoboticsProjekt1/ros2_ws/build/turtlesimAutomata/prefix_override:/usr/lib/python3/dist-packages/colcon_core/task/python/colcon_distutils_commands:/home/ubuntu/MobileRoboticsProjekt/MobileRoboticsProjekt1/ros2_ws/install/turtlesimAutomata/lib/python3.10/site-packages:${PYTHONPATH} /usr/bin/python3 -W ignore:setup.py install is deprecated -W ignore:easy_install command is deprecated setup.py egg_info --egg-base ../../build/turtlesimAutomata build --build-base /home/ubuntu/MobileRoboticsProjekt/MobileRoboticsProjekt1/ros2_ws/build/turtlesimAutomata/build install --record /home/ubuntu/MobileRoboticsProjekt/MobileRoboticsProjekt1/ros2_ws/build/turtlesimAutomata/install.log --single-version-externally-managed install_data
[0.579s] running egg_info
[0.579s] writing ../../build/turtlesimAutomata/turtlesimAutomata.egg-info/PKG-INFO
[0.580s] writing dependency_links to ../../build/turtlesimAutomata/turtlesimAutomata.egg-info/dependency_links.txt
[0.580s] writing entry points to ../../build/turtlesimAutomata/turtlesimAutomata.egg-info/entry_points.txt
[0.580s] writing requirements to ../../build/turtlesimAutomata/turtlesimAutomata.egg-info/requires.txt
[0.580s] writing top-level names to ../../build/turtlesimAutomata/turtlesimAutomata.egg-info/top_level.txt
[0.581s] reading manifest file '../../build/turtlesimAutomata/turtlesimAutomata.egg-info/SOURCES.txt'
[0.582s] writing manifest file '../../build/turtlesimAutomata/turtlesimAutomata.egg-info/SOURCES.txt'
[0.582s] running build
[0.582s] running build_py
[0.583s] running install
[0.583s] running install_lib
[0.585s] running install_data
[0.585s] creating /home/ubuntu/MobileRoboticsProjekt/MobileRoboticsProjekt1/ros2_ws/install/turtlesimAutomata/share/turtlesimAutomata/launch
[0.585s] copying launch/automata.launch.py -> /home/ubuntu/MobileRoboticsProjekt/MobileRoboticsProjekt1/ros2_ws/install/turtlesimAutomata/share/turtlesimAutomata/launch
[0.586s] running install_egg_info
[0.587s] removing '/home/ubuntu/MobileRoboticsProjekt/MobileRoboticsProjekt1/ros2_ws/install/turtlesimAutomata/lib/python3.10/site-packages/turtlesimAutomata-0.0.0-py3.10.egg-info' (and everything under it)
[0.588s] Copying ../../build/turtlesimAutomata/turtlesimAutomata.egg-info to /home/ubuntu/MobileRoboticsProjekt/MobileRoboticsProjekt1/ros2_ws/install/turtlesimAutomata/lib/python3.10/site-packages/turtlesimAutomata-0.0.0-py3.10.egg-info
[0.590s] running install_scripts
[0.604s] Installing automata_node script to /home/ubuntu/MobileRoboticsProjekt/MobileRoboticsProjekt1/ros2_ws/install/turtlesimAutomata/lib/turtlesimAutomata
[0.604s] writing list of installed files to '/home/ubuntu/MobileRoboticsProjekt/MobileRoboticsProjekt1/ros2_ws/build/turtlesimAutomata/install.log'
[0.618s] Invoked command in '/home/ubuntu/MobileRoboticsProjekt/MobileRoboticsProjekt1/ros2_ws/src/turtlesimAutomata' returned '0': PYTHONPATH=/home/ubuntu/MobileRoboticsProjekt/MobileRoboticsProjekt1/ros2_ws/build/turtlesimAutomata/prefix_override:/usr/lib/python3/dist-packages/colcon_core/task/python/colcon_distutils_commands:/home/ubuntu/MobileRoboticsProjekt/MobileRoboticsProjekt1/ros2_ws/install/turtlesimAutomata/lib/python3.10/site-packages:${PYTHONPATH} /usr/bin/python3 -W ignore:setup.py install is deprecated -W ignore:easy_install command is deprecated setup.py egg_info --egg-base ../../build/turtlesimAutomata build --build-base /home/ubuntu/MobileRoboticsProjekt/MobileRoboticsProjekt1/ros2_ws/build/turtlesimAutomata/build install --record /home/ubuntu/MobileRoboticsProjekt/MobileRoboticsProjekt1/ros2_ws/build/turtlesimAutomata/install.log --single-version-externally-managed install_data
