[0.370s] Invoking command in '/home/ubuntu/MobileRoboticsProjekt/MobileRoboticsProjekt1/ros2_ws/src/turtlesimAutomata': PYTHONPATH=/home/ubuntu/MobileRoboticsProjekt/MobileRoboticsProjekt1/ros2_ws/build/turtlesimAutomata/prefix_override:/usr/lib/python3/dist-packages/colcon_core/task/python/colcon_distutils_commands:/home/ubuntu/MobileRoboticsProjekt/MobileRoboticsProjekt1/ros2_ws/install/turtlesimAutomata/lib/python3.10/site-packages:${PYTHONPATH} /usr/bin/python3 -W ignore:setup.py install is deprecated -W ignore:easy_install command is deprecated setup.py egg_info --egg-base ../../build/turtlesimAutomata build --build-base /home/ubuntu/MobileRoboticsProjekt/MobileRoboticsProjekt1/ros2_ws/build/turtlesimAutomata/build install --record /home/ubuntu/MobileRoboticsProjekt/MobileRoboticsProjekt1/ros2_ws/build/turtlesimAutomata/install.log --single-version-externally-managed install_data
[0.506s] running egg_info
[0.506s] writing ../../build/turtlesimAutomata/turtlesimAutomata.egg-info/PKG-INFO
[0.506s] writing dependency_links to ../../build/turtlesimAutomata/turtlesimAutomata.egg-info/dependency_links.txt
[0.506s] writing entry points to ../../build/turtlesimAutomata/turtlesimAutomata.egg-info/entry_points.txt
[0.506s] writing requirements to ../../build/turtlesimAutomata/turtlesimAutomata.egg-info/requires.txt
[0.507s] writing top-level names to ../../build/turtlesimAutomata/turtlesimAutomata.egg-info/top_level.txt
[0.508s] reading manifest file '../../build/turtlesimAutomata/turtlesimAutomata.egg-info/SOURCES.txt'
[0.508s] writing manifest file '../../build/turtlesimAutomata/turtlesimAutomata.egg-info/SOURCES.txt'
[0.508s] running build
[0.508s] running build_py
[0.509s] copying turtlesimAutomata/automata_node.py -> /home/ubuntu/MobileRoboticsProjekt/MobileRoboticsProjekt1/ros2_ws/build/turtlesimAutomata/build/lib/turtlesimAutomata
[0.509s] running install
[0.509s] running install_lib
[0.510s] copying /home/ubuntu/MobileRoboticsProjekt/MobileRoboticsProjekt1/ros2_ws/build/turtlesimAutomata/build/lib/turtlesimAutomata/automata_node.py -> /home/ubuntu/MobileRoboticsProjekt/MobileRoboticsProjekt1/ros2_ws/install/turtlesimAutomata/lib/python3.10/site-packages/turtlesimAutomata
[0.510s] byte-compiling /home/ubuntu/MobileRoboticsProjekt/MobileRoboticsProjekt1/ros2_ws/install/turtlesimAutomata/lib/python3.10/site-packages/turtlesimAutomata/automata_node.py to automata_node.cpython-310.pyc
[0.511s] running install_data
[0.511s] running install_egg_info
[0.513s] removing '/home/ubuntu/MobileRoboticsProjekt/MobileRoboticsProjekt1/ros2_ws/install/turtlesimAutomata/lib/python3.10/site-packages/turtlesimAutomata-0.0.0-py3.10.egg-info' (and everything under it)
[0.513s] Copying ../../build/turtlesimAutomata/turtlesimAutomata.egg-info to /home/ubuntu/MobileRoboticsProjekt/MobileRoboticsProjekt1/ros2_ws/install/turtlesimAutomata/lib/python3.10/site-packages/turtlesimAutomata-0.0.0-py3.10.egg-info
[0.514s] running install_scripts
[0.529s] Installing automata_node script to /home/ubuntu/MobileRoboticsProjekt/MobileRoboticsProjekt1/ros2_ws/install/turtlesimAutomata/lib/turtlesimAutomata
[0.529s] writing list of installed files to '/home/ubuntu/MobileRoboticsProjekt/MobileRoboticsProjekt1/ros2_ws/build/turtlesimAutomata/install.log'
[0.545s] Invoked command in '/home/ubuntu/MobileRoboticsProjekt/MobileRoboticsProjekt1/ros2_ws/src/turtlesimAutomata' returned '0': PYTHONPATH=/home/ubuntu/MobileRoboticsProjekt/MobileRoboticsProjekt1/ros2_ws/build/turtlesimAutomata/prefix_override:/usr/lib/python3/dist-packages/colcon_core/task/python/colcon_distutils_commands:/home/ubuntu/MobileRoboticsProjekt/MobileRoboticsProjekt1/ros2_ws/install/turtlesimAutomata/lib/python3.10/site-packages:${PYTHONPATH} /usr/bin/python3 -W ignore:setup.py install is deprecated -W ignore:easy_install command is deprecated setup.py egg_info --egg-base ../../build/turtlesimAutomata build --build-base /home/ubuntu/MobileRoboticsProjekt/MobileRoboticsProjekt1/ros2_ws/build/turtlesimAutomata/build install --record /home/ubuntu/MobileRoboticsProjekt/MobileRoboticsProjekt1/ros2_ws/build/turtlesimAutomata/install.log --single-version-externally-managed install_data
