[0.434s] Invoking command in '/home/ubuntu/MobileRoboticsProjekt/MobileRoboticsProjekt1/ros2_ws/src/turtlesimAutomata': PYTHONPATH=/home/ubuntu/MobileRoboticsProjekt/MobileRoboticsProjekt1/ros2_ws/build/turtlesimAutomata/prefix_override:/usr/lib/python3/dist-packages/colcon_core/task/python/colcon_distutils_commands:/home/ubuntu/MobileRoboticsProjekt/MobileRoboticsProjekt1/ros2_ws/install/turtlesimAutomata/lib/python3.10/site-packages:${PYTHONPATH} /usr/bin/python3 -W ignore:setup.py install is deprecated -W ignore:easy_install command is deprecated setup.py egg_info --egg-base ../../build/turtlesimAutomata build --build-base /home/ubuntu/MobileRoboticsProjekt/MobileRoboticsProjekt1/ros2_ws/build/turtlesimAutomata/build install --record /home/ubuntu/MobileRoboticsProjekt/MobileRoboticsProjekt1/ros2_ws/build/turtlesimAutomata/install.log --single-version-externally-managed install_data
[0.566s] running egg_info
[0.566s] creating ../../build/turtlesimAutomata/turtlesimAutomata.egg-info
[0.566s] writing ../../build/turtlesimAutomata/turtlesimAutomata.egg-info/PKG-INFO
[0.566s] writing dependency_links to ../../build/turtlesimAutomata/turtlesimAutomata.egg-info/dependency_links.txt
[0.566s] writing entry points to ../../build/turtlesimAutomata/turtlesimAutomata.egg-info/entry_points.txt
[0.567s] writing requirements to ../../build/turtlesimAutomata/turtlesimAutomata.egg-info/requires.txt
[0.567s] writing top-level names to ../../build/turtlesimAutomata/turtlesimAutomata.egg-info/top_level.txt
[0.567s] writing manifest file '../../build/turtlesimAutomata/turtlesimAutomata.egg-info/SOURCES.txt'
[0.568s] reading manifest file '../../build/turtlesimAutomata/turtlesimAutomata.egg-info/SOURCES.txt'
[0.568s] writing manifest file '../../build/turtlesimAutomata/turtlesimAutomata.egg-info/SOURCES.txt'
[0.568s] running build
[0.568s] running build_py
[0.568s] creating /home/ubuntu/MobileRoboticsProjekt/MobileRoboticsProjekt1/ros2_ws/build/turtlesimAutomata/build
[0.569s] creating /home/ubuntu/MobileRoboticsProjekt/MobileRoboticsProjekt1/ros2_ws/build/turtlesimAutomata/build/lib
[0.569s] creating /home/ubuntu/MobileRoboticsProjekt/MobileRoboticsProjekt1/ros2_ws/build/turtlesimAutomata/build/lib/turtlesimAutomata
[0.569s] copying turtlesimAutomata/__init__.py -> /home/ubuntu/MobileRoboticsProjekt/MobileRoboticsProjekt1/ros2_ws/build/turtlesimAutomata/build/lib/turtlesimAutomata
[0.569s] running install
[0.569s] running install_lib
[0.570s] creating /home/ubuntu/MobileRoboticsProjekt/MobileRoboticsProjekt1/ros2_ws/install/turtlesimAutomata/lib/python3.10/site-packages/turtlesimAutomata
[0.570s] copying /home/ubuntu/MobileRoboticsProjekt/MobileRoboticsProjekt1/ros2_ws/build/turtlesimAutomata/build/lib/turtlesimAutomata/__init__.py -> /home/ubuntu/MobileRoboticsProjekt/MobileRoboticsProjekt1/ros2_ws/install/turtlesimAutomata/lib/python3.10/site-packages/turtlesimAutomata
[0.570s] byte-compiling /home/ubuntu/MobileRoboticsProjekt/MobileRoboticsProjekt1/ros2_ws/install/turtlesimAutomata/lib/python3.10/site-packages/turtlesimAutomata/__init__.py to __init__.cpython-310.pyc
[0.571s] running install_data
[0.571s] creating /home/ubuntu/MobileRoboticsProjekt/MobileRoboticsProjekt1/ros2_ws/install/turtlesimAutomata/share/ament_index
[0.571s] creating /home/ubuntu/MobileRoboticsProjekt/MobileRoboticsProjekt1/ros2_ws/install/turtlesimAutomata/share/ament_index/resource_index
[0.571s] creating /home/ubuntu/MobileRoboticsProjekt/MobileRoboticsProjekt1/ros2_ws/install/turtlesimAutomata/share/ament_index/resource_index/packages
[0.571s] copying resource/turtlesimAutomata -> /home/ubuntu/MobileRoboticsProjekt/MobileRoboticsProjekt1/ros2_ws/install/turtlesimAutomata/share/ament_index/resource_index/packages
[0.571s] copying package.xml -> /home/ubuntu/MobileRoboticsProjekt/MobileRoboticsProjekt1/ros2_ws/install/turtlesimAutomata/share/turtlesimAutomata
[0.571s] running install_egg_info
[0.573s] Copying ../../build/turtlesimAutomata/turtlesimAutomata.egg-info to /home/ubuntu/MobileRoboticsProjekt/MobileRoboticsProjekt1/ros2_ws/install/turtlesimAutomata/lib/python3.10/site-packages/turtlesimAutomata-0.0.0-py3.10.egg-info
[0.574s] running install_scripts
[0.586s] writing list of installed files to '/home/ubuntu/MobileRoboticsProjekt/MobileRoboticsProjekt1/ros2_ws/build/turtlesimAutomata/install.log'
[0.602s] Invoked command in '/home/ubuntu/MobileRoboticsProjekt/MobileRoboticsProjekt1/ros2_ws/src/turtlesimAutomata' returned '0': PYTHONPATH=/home/ubuntu/MobileRoboticsProjekt/MobileRoboticsProjekt1/ros2_ws/build/turtlesimAutomata/prefix_override:/usr/lib/python3/dist-packages/colcon_core/task/python/colcon_distutils_commands:/home/ubuntu/MobileRoboticsProjekt/MobileRoboticsProjekt1/ros2_ws/install/turtlesimAutomata/lib/python3.10/site-packages:${PYTHONPATH} /usr/bin/python3 -W ignore:setup.py install is deprecated -W ignore:easy_install command is deprecated setup.py egg_info --egg-base ../../build/turtlesimAutomata build --build-base /home/ubuntu/MobileRoboticsProjekt/MobileRoboticsProjekt1/ros2_ws/build/turtlesimAutomata/build install --record /home/ubuntu/MobileRoboticsProjekt/MobileRoboticsProjekt1/ros2_ws/build/turtlesimAutomata/install.log --single-version-externally-managed install_data
